<?xml version="1.0" encoding="UTF-8"?>
<testsuite name="ico.fes.intro.IntroApplicationTests" tests="1" skipped="0" failures="0" errors="0" timestamp="2023-05-02T19:19:37" hostname="DESKTOP-4HK0NP2" time="0.341">
  <properties/>
  <testcase name="contextLoads()" classname="ico.fes.intro.IntroApplicationTests" time="0.341"/>
  <system-out><![CDATA[13:19:36.109 [Test worker] DEBUG org.springframework.boot.test.context.SpringBootTestContextBootstrapper -- Neither @ContextConfiguration nor @ContextHierarchy found for test class [IntroApplicationTests]: using SpringBootContextLoader
13:19:36.113 [Test worker] DEBUG org.springframework.test.context.support.AbstractContextLoader -- Could not detect default resource locations for test class [ico.fes.intro.IntroApplicationTests]: no resource found for suffixes {-context.xml, Context.groovy}.
13:19:36.114 [Test worker] INFO org.springframework.test.context.support.AnnotationConfigContextLoaderUtils -- Could not detect default configuration classes for test class [ico.fes.intro.IntroApplicationTests]: IntroApplicationTests does not declare any static, non-private, non-final, nested classes annotated with @Configuration.
13:19:36.135 [Test worker] DEBUG org.springframework.boot.test.context.SpringBootTestContextBootstrapper -- Using ContextCustomizers for test class [IntroApplicationTests]: [DisableObservabilityContextCustomizer, PropertyMappingContextCustomizer, Customizer, ExcludeFilterContextCustomizer, DuplicateJsonObjectContextCustomizer, MockitoContextCustomizer, TestRestTemplateContextCustomizer]
13:19:36.193 [Test worker] DEBUG org.springframework.context.annotation.ClassPathScanningCandidateComponentProvider -- Identified candidate component class: file [C:\Users\PC\Desktop\intro\build\classes\java\main\ico\fes\intro\IntroApplication.class]
13:19:36.195 [Test worker] INFO org.springframework.boot.test.context.SpringBootTestContextBootstrapper -- Found @SpringBootConfiguration ico.fes.intro.IntroApplication for test class ico.fes.intro.IntroApplicationTests
13:19:36.294 [Test worker] DEBUG org.springframework.test.context.util.TestContextSpringFactoriesUtils -- Skipping candidate TestExecutionListener [org.springframework.test.context.transaction.TransactionalTestExecutionListener] due to a missing dependency. Specify custom TestExecutionListener classes or make the default TestExecutionListener classes and their required dependencies available. Offending class: [org/springframework/transaction/interceptor/TransactionAttributeSource]
13:19:36.296 [Test worker] DEBUG org.springframework.test.context.util.TestContextSpringFactoriesUtils -- Skipping candidate TestExecutionListener [org.springframework.test.context.jdbc.SqlScriptsTestExecutionListener] due to a missing dependency. Specify custom TestExecutionListener classes or make the default TestExecutionListener classes and their required dependencies available. Offending class: [org/springframework/transaction/interceptor/TransactionAttribute]
13:19:36.298 [Test worker] DEBUG org.springframework.boot.test.context.SpringBootTestContextBootstrapper -- Using TestExecutionListeners for test class [IntroApplicationTests]: [ServletTestExecutionListener, DirtiesContextBeforeModesTestExecutionListener, ApplicationEventsTestExecutionListener, MockitoTestExecutionListener, DependencyInjectionTestExecutionListener, DirtiesContextTestExecutionListener, EventPublishingTestExecutionListener, RestDocsTestExecutionListener, MockRestServiceServerResetTestExecutionListener, MockMvcPrintOnlyOnFailureTestExecutionListener, WebDriverTestExecutionListener, MockWebServiceServerTestExecutionListener, ResetMocksTestExecutionListener]
13:19:36.299 [Test worker] DEBUG org.springframework.test.context.support.AbstractDirtiesContextTestExecutionListener -- Before test class: class [IntroApplicationTests], class annotated with @DirtiesContext [false] with mode [null]

  .   ____          _            __ _ _
 /\\ / ___'_ __ _ _(_)_ __  __ _ \ \ \ \
( ( )\___ | '_ | '_| | '_ \/ _` | \ \ \ \
 \\/  ___)| |_)| | | | | || (_| |  ) ) ) )
  '  |____| .__|_| |_|_| |_\__, | / / / /
 =========|_|==============|___/=/_/_/_/
 :: Spring Boot ::                (v3.0.6)

2023-05-02T13:19:36.529-06:00  INFO 20096 --- [    Test worker] ico.fes.intro.IntroApplicationTests      : Starting IntroApplicationTests using Java 17.0.7 with PID 20096 (started by PC in C:\Users\PC\Desktop\intro)
2023-05-02T13:19:36.530-06:00  INFO 20096 --- [    Test worker] ico.fes.intro.IntroApplicationTests      : No active profile set, falling back to 1 default profile: "default"
2023-05-02T13:19:37.273-06:00  INFO 20096 --- [    Test worker] o.s.b.a.w.s.WelcomePageHandlerMapping    : Adding welcome page template: index
2023-05-02T13:19:37.389-06:00  INFO 20096 --- [    Test worker] ico.fes.intro.IntroApplicationTests      : Started IntroApplicationTests in 1.044 seconds (process running for 1.971)
]]></system-out>
  <system-err><![CDATA[]]></system-err>
</testsuite>
